<?xml version="1.0" encoding="UTF-8"?>
<!-- Generated by org.testng.reporters.JUnitReportReporter -->
<testsuite skipped="0" hostname="lenovo-PC" name="com.phptravels.usertest.USerTest" tests="2" failures="0" timestamp="29 May 2017 18:38:40 GMT" time="3.607" errors="0">
  <testcase name="verifyCustomerTest" time="0.098" classname="com.phptravels.usertest.USerTest"/>
  <testcase name="verifyToursSelected" time="3.509" classname="com.phptravels.usertest.USerTest"/>
</testsuite> <!-- com.phptravels.usertest.USerTest -->
